[2022-03-06T15:07:32.032Z] [org.springframework.boot.StartupInfoLogger] [restartedMain] [55] [INFO ] Starting ProductApplication using Java 15.0.2 on Hari with PID 15788 (E:\Project content\product\product\target\classes started by Hari in E:\Project content\product\product)
[2022-03-06T15:07:32.032Z] [org.springframework.boot.SpringApplication] [restartedMain] [659] [INFO ] No active profile set, falling back to default profiles: default
[2022-03-06T15:07:32.032Z] [org.springframework.boot.logging.DeferredLog] [restartedMain] [255] [INFO ] The Class-Path manifest attribute in C:\Users\DELL\.m2\repository\com\oracle\database\jdbc\ojdbc8\21.1.0.0\ojdbc8-21.1.0.0.jar referenced one or more files that do not exist: file:/C:/Users/DELL/.m2/repository/com/oracle/database/jdbc/ojdbc8/21.1.0.0/oraclepki.jar
[2022-03-06T15:07:32.032Z] [org.springframework.boot.logging.DeferredLog] [restartedMain] [255] [INFO ] Devtools property defaults active! Set 'spring.devtools.add-properties' to 'false' to disable
[2022-03-06T15:07:32.032Z] [org.springframework.boot.logging.DeferredLog] [restartedMain] [255] [INFO ] For additional web related logging consider setting the 'logging.level.web' property to 'DEBUG'
[2022-03-06T15:07:33.033Z] [org.springframework.data.repository.config.RepositoryConfigurationDelegate] [restartedMain] [132] [INFO ] Bootstrapping Spring Data JPA repositories in DEFAULT mode.
[2022-03-06T15:07:33.033Z] [org.springframework.data.repository.config.RepositoryConfigurationDelegate] [restartedMain] [201] [INFO ] Finished Spring Data repository scanning in 42 ms. Found 1 JPA repository interfaces.
[2022-03-06T15:07:34.034Z] [org.springframework.boot.web.embedded.tomcat.TomcatWebServer] [restartedMain] [108] [INFO ] Tomcat initialized with port(s): 8083 (http)
[2022-03-06T15:07:34.034Z] [org.apache.juli.logging.DirectJDKLog] [restartedMain] [173] [INFO ] Starting service [Tomcat]
[2022-03-06T15:07:34.034Z] [org.apache.juli.logging.DirectJDKLog] [restartedMain] [173] [INFO ] Starting Servlet engine: [Apache Tomcat/9.0.48]
[2022-03-06T15:07:34.034Z] [org.apache.juli.logging.DirectJDKLog] [restartedMain] [173] [INFO ] Initializing Spring embedded WebApplicationContext
[2022-03-06T15:07:34.034Z] [org.springframework.boot.web.servlet.context.ServletWebServerApplicationContext] [restartedMain] [290] [INFO ] Root WebApplicationContext: initialization completed in 1616 ms
[2022-03-06T15:07:34.034Z] [org.hibernate.jpa.internal.util.LogHelper] [restartedMain] [31] [INFO ] HHH000204: Processing PersistenceUnitInfo [name: default]
[2022-03-06T15:07:34.034Z] [org.hibernate.Version] [restartedMain] [44] [INFO ] HHH000412: Hibernate ORM core version 5.4.32.Final
[2022-03-06T15:07:34.034Z] [org.hibernate.annotations.common.reflection.java.JavaReflectionManager] [restartedMain] [56] [INFO ] HCANN000001: Hibernate Commons Annotations {5.1.2.Final}
[2022-03-06T15:07:34.034Z] [com.zaxxer.hikari.HikariDataSource] [restartedMain] [110] [INFO ] HikariPoolBooks - Starting...
[2022-03-06T15:07:35.035Z] [com.zaxxer.hikari.HikariDataSource] [restartedMain] [123] [INFO ] HikariPoolBooks - Start completed.
[2022-03-06T15:07:35.035Z] [org.hibernate.dialect.Dialect] [restartedMain] [175] [INFO ] HHH000400: Using dialect: org.hibernate.dialect.Oracle12cDialect
[2022-03-06T15:07:37.037Z] [org.hibernate.engine.transaction.jta.platform.internal.JtaPlatformInitiator] [restartedMain] [52] [INFO ] HHH000490: Using JtaPlatform implementation: [org.hibernate.engine.transaction.jta.platform.internal.NoJtaPlatform]
[2022-03-06T15:07:37.037Z] [org.springframework.orm.jpa.AbstractEntityManagerFactoryBean] [restartedMain] [437] [INFO ] Initialized JPA EntityManagerFactory for persistence unit 'default'
[2022-03-06T15:07:37.037Z] [org.springframework.boot.autoconfigure.orm.jpa.JpaBaseConfiguration$JpaWebConfiguration] [restartedMain] [219] [WARN ] spring.jpa.open-in-view is enabled by default. Therefore, database queries may be performed during view rendering. Explicitly configure spring.jpa.open-in-view to disable this warning
[2022-03-06T15:07:38.038Z] [org.springframework.boot.devtools.autoconfigure.OptionalLiveReloadServer] [restartedMain] [58] [INFO ] LiveReload server is running on port 35729
[2022-03-06T15:07:38.038Z] [org.springframework.boot.web.embedded.tomcat.TomcatWebServer] [restartedMain] [220] [INFO ] Tomcat started on port(s): 8083 (http) with context path ''
[2022-03-06T15:07:38.038Z] [org.springframework.boot.StartupInfoLogger] [restartedMain] [61] [INFO ] Started ProductApplication in 6.194 seconds (JVM running for 6.972)
[2022-03-06T15:08:07.007Z] [org.apache.juli.logging.DirectJDKLog] [http-nio-8083-exec-3] [173] [INFO ] Initializing Spring DispatcherServlet 'dispatcherServlet'
[2022-03-06T15:08:07.007Z] [org.springframework.web.servlet.FrameworkServlet] [http-nio-8083-exec-3] [525] [INFO ] Initializing Servlet 'dispatcherServlet'
[2022-03-06T15:08:07.007Z] [org.springframework.web.servlet.FrameworkServlet] [http-nio-8083-exec-3] [547] [INFO ] Completed initialization in 2 ms
[2022-03-06T15:08:08.008Z] [com.edusol.product.controller.ProductController] [http-nio-8083-exec-3] [135] [INFO ] Product details:Product [id=30, name=Garlic, category=Vegetable, subcategory=Root-Vegetable, price=50.0]
[2022-03-06T15:08:08.008Z] [com.edusol.product.service.ProductService] [http-nio-8083-exec-3] [118] [INFO ] Products updated Successfully
[2022-03-06T15:08:31.031Z] [com.edusol.product.controller.ProductController] [http-nio-8083-exec-2] [33] [INFO ] [Product [id=1, name=Chard, category=Vegetable, subcategory=Leafy-Vegetable, price=45.0], Product [id=2, name=Methi, category=Vegetable, subcategory=Leafy-Vegetable, price=20.0], Product [id=3, name=Palak, category=Vegetable, subcategory=Leafy-Vegetable, price=15.0], Product [id=4, name=Spring-Onion, category=Vegetable, subcategory=Leafy-Vegetable, price=10.0], Product [id=5, name=Betel-Leaf, category=Vegetable, subcategory=Leafy-Vegetable, price=25.0], Product [id=6, name=Dill-Leaves, category=Vegetable, subcategory=Leafy-Vegetable, price=30.0], Product [id=7, name=Amaranthus, category=Vegetable, subcategory=Leafy-Vegetable, price=22.5], Product [id=8, name=Mint-Leaves, category=Vegetable, subcategory=Leafy-Vegetable, price=22.5], Product [id=9, name=Gongura-Leaves, category=Vegetable, subcategory=Leafy-Vegetable, price=8.5], Product [id=10, name=Chilli, category=Vegetable, subcategory=Green-Vegetable, price=55.0], Product [id=11, name=Capsicum-Green, category=Vegetable, subcategory=Green-Vegetable, price=45.0], Product [id=12, name=Bitter-gourd, category=Vegetable, subcategory=Green-Vegetable, price=80.0], Product [id=13, name=Cabbage, category=Vegetable, subcategory=Green-Vegetable, price=120.0], Product [id=14, name=Cauliflower, category=Vegetable, subcategory=Green-Vegetable, price=60.0], Product [id=15, name=Brinjal, category=Vegetable, subcategory=Green-Vegetable, price=40.0], Product [id=16, name=Ringe-Gourd, category=Vegetable, subcategory=Green-Vegetable, price=18.0], Product [id=17, name=Ladies-Finger, category=Vegetable, subcategory=Green-Vegetable, price=35.0], Product [id=18, name=Parwal, category=Vegetable, subcategory=Green-Vegetable, price=80.0], Product [id=19, name=Bottle-Gourd, category=Vegetable, subcategory=Green-Vegetable, price=25.0], Product [id=20, name=Pea, category=Vegetable, subcategory=Green-Vegetable, price=130.0], Product [id=21, name=Drum-Stick, category=Vegetable, subcategory=Green-Vegetable, price=120.0], Product [id=22, name=Carrot-Orange, category=Vegetable, subcategory=Root-Vegetable, price=50.0], Product [id=23, name=Radish, category=Vegetable, subcategory=Root-Vegetable, price=30.0], Product [id=24, name=Red-Carrot, category=Vegetable, subcategory=Root-Vegetable, price=60.0], Product [id=25, name=Colocasia, category=Vegetable, subcategory=Root-Vegetable, price=15.0], Product [id=26, name=Tapioca, category=Vegetable, subcategory=Root-Vegetable, price=25.0], Product [id=27, name=Potato, category=Vegetable, subcategory=Root-Vegetable, price=40.0], Product [id=28, name=Ginger, category=Vegetable, subcategory=Root-Vegetable, price=110.0], Product [id=29, name=Onion, category=Vegetable, subcategory=Root-Vegetable, price=45.0], Product [id=30, name=Garlic, category=Vegetable, subcategory=Root-Vegetable, price=50.0]]
[2022-03-06T15:11:03.003Z] [org.springframework.orm.jpa.AbstractEntityManagerFactoryBean] [Thread-8] [651] [INFO ] Closing JPA EntityManagerFactory for persistence unit 'default'
[2022-03-06T15:11:03.003Z] [com.zaxxer.hikari.HikariDataSource] [Thread-8] [350] [INFO ] HikariPoolBooks - Shutdown initiated...
[2022-03-06T15:11:03.003Z] [com.zaxxer.hikari.HikariDataSource] [Thread-8] [352] [INFO ] HikariPoolBooks - Shutdown completed.
[2022-03-06T15:11:03.003Z] [org.springframework.boot.StartupInfoLogger] [restartedMain] [55] [INFO ] Starting ProductApplication using Java 15.0.2 on Hari with PID 15788 (E:\Project content\product\product\target\classes started by Hari in E:\Project content\product\product)
[2022-03-06T15:11:03.003Z] [org.springframework.boot.SpringApplication] [restartedMain] [659] [INFO ] No active profile set, falling back to default profiles: default
[2022-03-06T15:11:03.003Z] [org.springframework.data.repository.config.RepositoryConfigurationDelegate] [restartedMain] [132] [INFO ] Bootstrapping Spring Data JPA repositories in DEFAULT mode.
[2022-03-06T15:11:03.003Z] [org.springframework.data.repository.config.RepositoryConfigurationDelegate] [restartedMain] [201] [INFO ] Finished Spring Data repository scanning in 0 ms. Found 0 JPA repository interfaces.
[2022-03-06T15:11:03.003Z] [org.springframework.boot.web.embedded.tomcat.TomcatWebServer] [restartedMain] [108] [INFO ] Tomcat initialized with port(s): 8083 (http)
[2022-03-06T15:11:03.003Z] [org.apache.juli.logging.DirectJDKLog] [restartedMain] [173] [INFO ] Starting service [Tomcat]
[2022-03-06T15:11:03.003Z] [org.apache.juli.logging.DirectJDKLog] [restartedMain] [173] [INFO ] Starting Servlet engine: [Apache Tomcat/9.0.48]
[2022-03-06T15:11:03.003Z] [org.apache.juli.logging.DirectJDKLog] [restartedMain] [173] [INFO ] Initializing Spring embedded WebApplicationContext
[2022-03-06T15:11:03.003Z] [org.springframework.boot.web.servlet.context.ServletWebServerApplicationContext] [restartedMain] [290] [INFO ] Root WebApplicationContext: initialization completed in 285 ms
[2022-03-06T15:11:04.004Z] [org.hibernate.jpa.internal.util.LogHelper] [restartedMain] [31] [INFO ] HHH000204: Processing PersistenceUnitInfo [name: default]
[2022-03-06T15:11:04.004Z] [com.zaxxer.hikari.HikariDataSource] [restartedMain] [110] [INFO ] HikariPoolBooks - Starting...
[2022-03-06T15:11:04.004Z] [com.zaxxer.hikari.HikariDataSource] [restartedMain] [123] [INFO ] HikariPoolBooks - Start completed.
[2022-03-06T15:11:04.004Z] [org.hibernate.dialect.Dialect] [restartedMain] [175] [INFO ] HHH000400: Using dialect: org.hibernate.dialect.Oracle12cDialect
[2022-03-06T15:11:04.004Z] [org.hibernate.engine.transaction.jta.platform.internal.JtaPlatformInitiator] [restartedMain] [52] [INFO ] HHH000490: Using JtaPlatform implementation: [org.hibernate.engine.transaction.jta.platform.internal.NoJtaPlatform]
[2022-03-06T15:11:04.004Z] [org.springframework.orm.jpa.AbstractEntityManagerFactoryBean] [restartedMain] [437] [INFO ] Initialized JPA EntityManagerFactory for persistence unit 'default'
[2022-03-06T15:11:04.004Z] [org.springframework.boot.autoconfigure.orm.jpa.JpaBaseConfiguration$JpaWebConfiguration] [restartedMain] [219] [WARN ] spring.jpa.open-in-view is enabled by default. Therefore, database queries may be performed during view rendering. Explicitly configure spring.jpa.open-in-view to disable this warning
[2022-03-06T15:11:04.004Z] [org.springframework.boot.devtools.autoconfigure.OptionalLiveReloadServer] [restartedMain] [58] [INFO ] LiveReload server is running on port 35729
[2022-03-06T15:11:04.004Z] [org.springframework.boot.web.embedded.tomcat.TomcatWebServer] [restartedMain] [220] [INFO ] Tomcat started on port(s): 8083 (http) with context path ''
[2022-03-06T15:11:04.004Z] [org.springframework.boot.StartupInfoLogger] [restartedMain] [61] [INFO ] Started ProductApplication in 1.188 seconds (JVM running for 213.34)
[2022-03-06T15:11:04.004Z] [org.springframework.boot.devtools.autoconfigure.ConditionEvaluationDeltaLoggingListener] [restartedMain] [63] [INFO ] Condition evaluation unchanged
